app/apk/1.1.8/logs/manifest-merger-release-report.txt
-- Merging decision tree log ---
category#com.lingmiao.shop
INJECTED from src/main/AndroidManifest.xml:288:17-61
	android:name
		INJECTED from src/main/AndroidManifest.xml
		ADDED from src/main/AndroidManifest.xml:288:27-58
manifest
ADDED from src/main/AndroidManifest.xml:2:1-298:12
INJECTED from src/main/AndroidManifest.xml:2:1-298:12
INJECTED from src/main/AndroidManifest.xml:2:1-298:12
INJECTED from src/main/AndroidManifest.xml:2:1-298:12
MERGED from [agentweb-core-release.aar] AndroidManifest.xml:2:1-32:12
MERGED from [:common] AndroidManifest.xml:2:1-13:12
MERGED from [com.blankj:utilcodex:1.29.0] AndroidManifest.xml:2:1-41:12
MERGED from [com.github.CymChad.BaseRecyclerViewAdapterHelper:brvahKtx:2.9.48-androidx] AndroidManifest.xml:2:1-11:12
MERGED from [androidx.core:core-ktx:1.3.0] AndroidManifest.xml:2:1-9:12
MERGED from [com.google.android.material:material:1.2.0] AndroidManifest.xml:17:1-24:12
MERGED from [com.github.LuckSiege.PictureSelector:picture_library:v2.5.8] AndroidManifest.xml:2:1-61:12
MERGED from [:library] AndroidManifest.xml:2:1-67:12
MERGED from [com.yanzhenjie:permission:2.0.3] AndroidManifest.xml:17:1-61:12
MERGED from [com.github.LuckSiege.PictureSelector:ucrop:v2.5.8] AndroidManifest.xml:2:1-11:12
MERGED from [androidx.camera:camera-view:1.0.0-alpha10] AndroidManifest.xml:17:1-24:12
MERGED from [androidx.appcompat:appcompat:1.1.0] AndroidManifest.xml:17:1-24:12
MERGED from [androidx.constraintlayout:constraintlayout:1.1.3] AndroidManifest.xml:2:1-11:12
MERGED from [com.github.razerdp:BasePopup:2.2.3] AndroidManifest.xml:2:1-19:12
MERGED from [com.ogaclejapan.smarttablayout:library:2.0.0] AndroidManifest.xml:2:1-11:12
MERGED from [com.tencent.bugly:crashreport:2.8.6.0] AndroidManifest.xml:2:1-9:12
MERGED from [com.kyleduo.switchbutton:library:2.0.2] AndroidManifest.xml:2:1-12:12
MERGED from [id.zelory:compressor:3.0.0] AndroidManifest.xml:2:1-11:12
MERGED from [cn.jiguang.sdk:jpush:3.7.0] AndroidManifest.xml:2:1-182:12
MERGED from [cn.jiguang.sdk:jcore:2.4.2] AndroidManifest.xml:2:1-14:12
MERGED from [com.tencent.map:tencent-map-vector-sdk:4.3.4] AndroidManifest.xml:2:1-10:12
MERGED from [com.tencent.map.geolocation:TencentLocationSdk-openplatform:7.2.6] AndroidManifest.xml:2:1-11:12
MERGED from [com.github.lzyzsd:jsbridge:1.0.4] AndroidManifest.xml:2:1-16:12
MERGED from [androidx.viewpager2:viewpager2:1.0.0] AndroidManifest.xml:17:1-24:12
MERGED from [com.journeyapps:zxing-android-embedded:4.1.0] AndroidManifest.xml:17:1-56:12
MERGED from [androidx.legacy:legacy-support-v4:1.0.0] AndroidManifest.xml:17:1-22:12
MERGED from [androidx.legacy:legacy-support-core-ui:1.0.0] AndroidManifest.xml:17:1-22:12
MERGED from [androidx.coordinatorlayout:coordinatorlayout:1.1.0] AndroidManifest.xml:17:1-24:12
MERGED from [androidx.appcompat:appcompat-resources:1.1.0] AndroidManifest.xml:17:1-24:12
MERGED from [androidx.vectordrawable:vectordrawable-animated:1.1.0] AndroidManifest.xml:17:1-24:12
MERGED from [androidx.vectordrawable:vectordrawable:1.1.0] AndroidManifest.xml:17:1-24:12
MERGED from [androidx.recyclerview:recyclerview:1.1.0] AndroidManifest.xml:17:1-24:12
MERGED from [androidx.camera:camera-lifecycle:1.0.0-beta03] AndroidManifest.xml:17:1-24:12
MERGED from [com.github.bumptech.glide:glide:4.8.0] AndroidManifest.xml:2:1-12:12
MERGED from [androidx.fragment:fragment:1.1.0] AndroidManifest.xml:17:1-24:12
MERGED from [androidx.drawerlayout:drawerlayout:1.0.0] AndroidManifest.xml:17:1-22:12
MERGED from [androidx.viewpager:viewpager:1.0.0] AndroidManifest.xml:17:1-22:12
MERGED from [androidx.slidingpanelayout:slidingpanelayout:1.0.0] AndroidManifest.xml:17:1-22:12
MERGED from [androidx.customview:customview:1.0.0] AndroidManifest.xml:17:1-22:12
MERGED from [androidx.transition:transition:1.3.1] AndroidManifest.xml:17:1-24:12
MERGED from [androidx.camera:camera-core:1.0.0-beta03] AndroidManifest.xml:17:1-24:12
MERGED from [androidx.legacy:legacy-support-core-utils:1.0.0] AndroidManifest.xml:17:1-22:12
MERGED from [androidx.loader:loader:1.0.0] AndroidManifest.xml:17:1-22:12
MERGED from [androidx.activity:activity:1.0.0] AndroidManifest.xml:17:1-24:12
MERGED from [androidx.media:media:1.0.0] AndroidManifest.xml:17:1-22:12
MERGED from [androidx.swiperefreshlayout:swiperefreshlayout:1.0.0] AndroidManifest.xml:17:1-22:12
MERGED from [androidx.asynclayoutinflater:asynclayoutinflater:1.0.0] AndroidManifest.xml:17:1-22:12
MERGED from [androidx.core:core:1.3.0] AndroidManifest.xml:17:1-26:12
MERGED from [androidx.cardview:cardview:1.0.0] AndroidManifest.xml:17:1-22:12
MERGED from [com.contrarywind:Android-PickerView:4.1.8] AndroidManifest.xml:2:1-11:12
MERGED from [androidx.localbroadcastmanager:localbroadcastmanager:1.0.0] AndroidManifest.xml:17:1-22:12
MERGED from [androidx.versionedparcelable:versionedparcelable:1.1.0] AndroidManifest.xml:17:1-27:12
MERGED from [androidx.cursoradapter:cursoradapter:1.0.0] AndroidManifest.xml:17:1-22:12
MERGED from [com.github.bumptech.glide:gifdecoder:4.8.0] AndroidManifest.xml:2:1-11:12
MERGED from [com.contrarywind:wheelview:4.0.9] AndroidManifest.xml:2:1-11:12
MERGED from [androidx.exifinterface:exifinterface:1.3.0-alpha01] AndroidManifest.xml:17:1-24:12
MERGED from [androidx.lifecycle:lifecycle-runtime:2.2.0] AndroidManifest.xml:17:1-24:12
MERGED from [androidx.lifecycle:lifecycle-viewmodel:2.1.0] AndroidManifest.xml:17:1-22:12
MERGED from [androidx.savedstate:savedstate:1.0.0] AndroidManifest.xml:17:1-24:12
MERGED from [androidx.documentfile:documentfile:1.0.0] AndroidManifest.xml:17:1-22:12
MERGED from [androidx.print:print:1.0.0] AndroidManifest.xml:17:1-22:12
MERGED from [androidx.interpolator:interpolator:1.0.0] AndroidManifest.xml:17:1-22:12
MERGED from [androidx.lifecycle:lifecycle-livedata:2.1.0] AndroidManifest.xml:17:1-22:12
MERGED from [androidx.lifecycle:lifecycle-livedata-core:2.1.0] AndroidManifest.xml:17:1-22:12
MERGED from [androidx.arch.core:core-runtime:2.1.0] AndroidManifest.xml:17:1-24:12
MERGED from [androidx.annotation:annotation-experimental:1.0.0] AndroidManifest.xml:17:1-24:12
MERGED from [androidx.multidex:multidex:2.0.1] AndroidManifest.xml:17:1-22:12
MERGED from [de.hdodenhof:circleimageview:2.2.0] AndroidManifest.xml:2:1-11:12
MERGED from [com.scwang.smartrefresh:SmartRefreshLayout:1.1.0] AndroidManifest.xml:2:1-17:12
MERGED from [com.scwang.smartrefresh:SmartRefreshHeader:1.1.0] AndroidManifest.xml:2:1-17:12
MERGED from [com.github.CymChad.BaseRecyclerViewAdapterHelper:library:2.9.48-androidx] AndroidManifest.xml:2:1-11:12
INJECTED from src/main/AndroidManifest.xml:2:1-298:12
INJECTED from src/main/AndroidManifest.xml:2:1-298:12
INJECTED from src/main/AndroidManifest.xml:2:1-298:12
	package
		ADDED from src/main/AndroidManifest.xml:4:5-32
		INJECTED from src/main/AndroidManifest.xml
		INJECTED from src/main/AndroidManifest.xml
	android:versionName
		INJECTED from src/main/AndroidManifest.xml
		ADDED from src/main/AndroidManifest.xml:2:1-298:12
		INJECTED from src/main/AndroidManifest.xml
	xmlns:tools
		ADDED from src/main/AndroidManifest.xml:3:5-51
	android:versionCode
		INJECTED from src/main/AndroidManifest.xml
		ADDED from src/main/AndroidManifest.xml:2:1-298:12
		INJECTED from src/main/AndroidManifest.xml
	xmlns:android
		ADDED from src/main/AndroidManifest.xml:2:11-69
uses-permission#android.permission.INTERNET
ADDED from src/main/AndroidManifest.xml:6:5-67
MERGED from [:library] AndroidManifest.xml:11:5-67
MERGED from [:library] AndroidManifest.xml:11:5-67
MERGED from [cn.jiguang.sdk:jpush:3.7.0] AndroidManifest.xml:18:5-67
MERGED from [cn.jiguang.sdk:jpush:3.7.0] AndroidManifest.xml:18:5-67
	android:name
		ADDED from src/main/AndroidManifest.xml:6:22-64
uses-permission#android.permission.REQUEST_INSTALL_PACKAGES
ADDED from src/main/AndroidManifest.xml:7:5-83
MERGED from [:library] AndroidManifest.xml:15:5-83
MERGED from [:library] AndroidManifest.xml:15:5-83
	android:name
		ADDED from src/main/AndroidManifest.xml:7:22-80
uses-permission#android.permission.ACCESS_NETWORK_STATE
ADDED from src/main/AndroidManifest.xml:8:5-79
MERGED from [:common] AndroidManifest.xml:11:5-79
MERGED from [:common] AndroidManifest.xml:11:5-79
MERGED from [cn.jiguang.sdk:jpush:3.7.0] AndroidManifest.xml:24:5-79
MERGED from [cn.jiguang.sdk:jpush:3.7.0] AndroidManifest.xml:24:5-79
	android:name
		ADDED from src/main/AndroidManifest.xml:8:22-76
uses-permission#android.permission.ACCESS_WIFI_STATE
ADDED from src/main/AndroidManifest.xml:9:5-76
MERGED from [cn.jiguang.sdk:jpush:3.7.0] AndroidManifest.xml:25:5-76
MERGED from [cn.jiguang.sdk:jpush:3.7.0] AndroidManifest.xml:25:5-76
	android:name
		ADDED from src/main/AndroidManifest.xml:9:22-73
uses-permission#android.permission.READ_EXTERNAL_STORAGE
ADDED from src/main/AndroidManifest.xml:10:5-80
MERGED from [:library] AndroidManifest.xml:13:5-80
MERGED from [:library] AndroidManifest.xml:13:5-80
MERGED from [cn.jiguang.sdk:jpush:3.7.0] AndroidManifest.xml:21:5-80
MERGED from [cn.jiguang.sdk:jpush:3.7.0] AndroidManifest.xml:21:5-80
	android:name
		ADDED from src/main/AndroidManifest.xml:10:22-77
uses-permission#android.permission.WRITE_EXTERNAL_STORAGE
ADDED from src/main/AndroidManifest.xml:11:5-81
MERGED from [:library] AndroidManifest.xml:12:5-81
MERGED from [:library] AndroidManifest.xml:12:5-81
MERGED from [cn.jiguang.sdk:jpush:3.7.0] AndroidManifest.xml:20:5-81
MERGED from [cn.jiguang.sdk:jpush:3.7.0] AndroidManifest.xml:20:5-81
	android:name
		ADDED from src/main/AndroidManifest.xml:11:22-78
uses-permission#android.permission.CAMERA
ADDED from src/main/AndroidManifest.xml:12:5-65
MERGED from [com.journeyapps:zxing-android-embedded:4.1.0] AndroidManifest.xml:22:5-65
MERGED from [com.journeyapps:zxing-android-embedded:4.1.0] AndroidManifest.xml:22:5-65
	android:name
		ADDED from src/main/AndroidManifest.xml:12:22-62
uses-permission#android.permission.READ_PHONE_STATE
ADDED from src/main/AndroidManifest.xml:22:5-75
MERGED from [cn.jiguang.sdk:jpush:3.7.0] AndroidManifest.xml:19:5-75
MERGED from [cn.jiguang.sdk:jpush:3.7.0] AndroidManifest.xml:19:5-75
	android:name
		ADDED from src/main/AndroidManifest.xml:22:22-72
uses-permission#android.permission.ACCESS_FINE_LOCATION
ADDED from src/main/AndroidManifest.xml:25:5-79
MERGED from [cn.jiguang.sdk:jpush:3.7.0] AndroidManifest.xml:35:5-79
MERGED from [cn.jiguang.sdk:jpush:3.7.0] AndroidManifest.xml:35:5-79
	android:name
		ADDED from src/main/AndroidManifest.xml:25:22-76
uses-permission#android.permission.ACCESS_COARSE_LOCATION
ADDED from src/main/AndroidManifest.xml:26:5-81
MERGED from [cn.jiguang.sdk:jpush:3.7.0] AndroidManifest.xml:33:5-81
MERGED from [cn.jiguang.sdk:jpush:3.7.0] AndroidManifest.xml:33:5-81
	android:name
		ADDED from src/main/AndroidManifest.xml:26:22-78
uses-permission#android.permission.CHANGE_WIFI_STATE
ADDED from src/main/AndroidManifest.xml:29:5-76
MERGED from [cn.jiguang.sdk:jpush:3.7.0] AndroidManifest.xml:34:5-76
MERGED from [cn.jiguang.sdk:jpush:3.7.0] AndroidManifest.xml:34:5-76
	android:name
		ADDED from src/main/AndroidManifest.xml:29:22-73
uses-permission#android.permission.CHANGE_NETWORK_STATE
ADDED from src/main/AndroidManifest.xml:31:5-79
MERGED from [cn.jiguang.sdk:jpush:3.7.0] AndroidManifest.xml:38:5-79
MERGED from [cn.jiguang.sdk:jpush:3.7.0] AndroidManifest.xml:38:5-79
	android:name
		ADDED from src/main/AndroidManifest.xml:31:22-76
uses-permission#android.permission.ACCESS_LOCATION_EXTRA_COMMANDS
ADDED from src/main/AndroidManifest.xml:33:5-89
MERGED from [cn.jiguang.sdk:jpush:3.7.0] AndroidManifest.xml:37:5-89
MERGED from [cn.jiguang.sdk:jpush:3.7.0] AndroidManifest.xml:37:5-89
	android:name
		ADDED from src/main/AndroidManifest.xml:33:22-86
uses-permission#android.permission.WAKE_LOCK
ADDED from src/main/AndroidManifest.xml:36:5-68
MERGED from [:library] AndroidManifest.xml:16:5-68
MERGED from [:library] AndroidManifest.xml:16:5-68
	android:name
		ADDED from src/main/AndroidManifest.xml:36:22-65
uses-sdk
ADDED from src/main/AndroidManifest.xml:37:5-73
INJECTED from src/main/AndroidManifest.xml:37:5-73
INJECTED from src/main/AndroidManifest.xml:37:5-73
MERGED from [agentweb-core-release.aar] AndroidManifest.xml:7:5-9:41
MERGED from [agentweb-core-release.aar] AndroidManifest.xml:7:5-9:41
MERGED from [:common] AndroidManifest.xml:7:5-9:41
MERGED from [:common] AndroidManifest.xml:7:5-9:41
MERGED from [com.blankj:utilcodex:1.29.0] AndroidManifest.xml:7:5-44
MERGED from [com.blankj:utilcodex:1.29.0] AndroidManifest.xml:7:5-44
MERGED from [com.github.CymChad.BaseRecyclerViewAdapterHelper:brvahKtx:2.9.48-androidx] AndroidManifest.xml:7:5-9:41
MERGED from [com.github.CymChad.BaseRecyclerViewAdapterHelper:brvahKtx:2.9.48-androidx] AndroidManifest.xml:7:5-9:41
MERGED from [androidx.core:core-ktx:1.3.0] AndroidManifest.xml:5:5-7:41
MERGED from [androidx.core:core-ktx:1.3.0] AndroidManifest.xml:5:5-7:41
MERGED from [com.google.android.material:material:1.2.0] AndroidManifest.xml:20:5-44
MERGED from [com.google.android.material:material:1.2.0] AndroidManifest.xml:20:5-44
MERGED from [com.github.LuckSiege.PictureSelector:picture_library:v2.5.8] AndroidManifest.xml:8:5-11:173
MERGED from [com.github.LuckSiege.PictureSelector:picture_library:v2.5.8] AndroidManifest.xml:8:5-11:173
MERGED from [:library] AndroidManifest.xml:7:5-9:41
MERGED from [:library] AndroidManifest.xml:7:5-9:41
MERGED from [com.yanzhenjie:permission:2.0.3] AndroidManifest.xml:20:5-22:41
MERGED from [com.yanzhenjie:permission:2.0.3] AndroidManifest.xml:20:5-22:41
MERGED from [com.github.LuckSiege.PictureSelector:ucrop:v2.5.8] AndroidManifest.xml:7:5-9:41
MERGED from [com.github.LuckSiege.PictureSelector:ucrop:v2.5.8] AndroidManifest.xml:7:5-9:41
MERGED from [androidx.camera:camera-view:1.0.0-alpha10] AndroidManifest.xml:20:5-22:41
MERGED from [androidx.camera:camera-view:1.0.0-alpha10] AndroidManifest.xml:20:5-22:41
MERGED from [androidx.appcompat:appcompat:1.1.0] AndroidManifest.xml:20:5-22:41
MERGED from [androidx.appcompat:appcompat:1.1.0] AndroidManifest.xml:20:5-22:41
MERGED from [androidx.constraintlayout:constraintlayout:1.1.3] AndroidManifest.xml:5:5-7:41
MERGED from [androidx.constraintlayout:constraintlayout:1.1.3] AndroidManifest.xml:5:5-7:41
MERGED from [com.github.razerdp:BasePopup:2.2.3] AndroidManifest.xml:7:5-9:41
MERGED from [com.github.razerdp:BasePopup:2.2.3] AndroidManifest.xml:7:5-9:41
MERGED from [com.ogaclejapan.smarttablayout:library:2.0.0] AndroidManifest.xml:7:5-9:41
MERGED from [com.ogaclejapan.smarttablayout:library:2.0.0] AndroidManifest.xml:7:5-9:41
MERGED from [com.tencent.bugly:crashreport:2.8.6.0] AndroidManifest.xml:5:5-7:41
MERGED from [com.tencent.bugly:crashreport:2.8.6.0] AndroidManifest.xml:5:5-7:41
MERGED from [com.kyleduo.switchbutton:library:2.0.2] AndroidManifest.xml:8:5-10:41
MERGED from [com.kyleduo.switchbutton:library:2.0.2] AndroidManifest.xml:8:5-10:41
MERGED from [id.zelory:compressor:3.0.0] AndroidManifest.xml:7:5-9:41
MERGED from [id.zelory:compressor:3.0.0] AndroidManifest.xml:7:5-9:41
MERGED from [cn.jiguang.sdk:jpush:3.7.0] AndroidManifest.xml:7:5-9:41
MERGED from [cn.jiguang.sdk:jpush:3.7.0] AndroidManifest.xml:7:5-9:41
MERGED from [cn.jiguang.sdk:jcore:2.4.2] AndroidManifest.xml:7:5-9:41
MERGED from [cn.jiguang.sdk:jcore:2.4.2] AndroidManifest.xml:7:5-9:41
MERGED from [com.tencent.map:tencent-map-vector-sdk:4.3.4] AndroidManifest.xml:6:5-8:41
MERGED from [com.tencent.map:tencent-map-vector-sdk:4.3.4] AndroidManifest.xml:6:5-8:41
MERGED from [com.tencent.map.geolocation:TencentLocationSdk-openplatform:7.2.6] AndroidManifest.xml:7:5-9:41
MERGED from [com.tencent.map.geolocation:TencentLocationSdk-openplatform:7.2.6] AndroidManifest.xml:7:5-9:41
MERGED from [com.github.lzyzsd:jsbridge:1.0.4] AndroidManifest.xml:7:5-9:41
MERGED from [com.github.lzyzsd:jsbridge:1.0.4] AndroidManifest.xml:7:5-9:41
MERGED from [androidx.viewpager2:viewpager2:1.0.0] AndroidManifest.xml:20:5-22:41
MERGED from [androidx.viewpager2:viewpager2:1.0.0] AndroidManifest.xml:20:5-22:41
MERGED from [com.journeyapps:zxing-android-embedded:4.1.0] AndroidManifest.xml:20:5-44
MERGED from [com.journeyapps:zxing-android-embedded:4.1.0] AndroidManifest.xml:20:5-44
MERGED from [androidx.legacy:legacy-support-v4:1.0.0] AndroidManifest.xml:20:5-44
MERGED from [androidx.legacy:legacy-support-v4:1.0.0] AndroidManifest.xml:20:5-44
MERGED from [androidx.legacy:legacy-support-core-ui:1.0.0] AndroidManifest.xml:20:5-44
MERGED from [androidx.legacy:legacy-support-core-ui:1.0.0] AndroidManifest.xml:20:5-44
MERGED from [androidx.coordinatorlayout:coordinatorlayout:1.1.0] AndroidManifest.xml:20:5-22:41
MERGED from [androidx.coordinatorlayout:coordinatorlayout:1.1.0] AndroidManifest.xml:20:5-22:41
MERGED from [androidx.appcompat:appcompat-resources:1.1.0] AndroidManifest.xml:20:5-22:41
MERGED from [androidx.appcompat:appcompat-resources:1.1.0] AndroidManifest.xml:20:5-22:41
MERGED from [androidx.vectordrawable:vectordrawable-animated:1.1.0] AndroidManifest.xml:20:5-22:41
MERGED from [androidx.vectordrawable:vectordrawable-animated:1.1.0] AndroidManifest.xml:20:5-22:41
MERGED from [androidx.vectordrawable:vectordrawable:1.1.0] AndroidManifest.xml:20:5-22:41
MERGED from [androidx.vectordrawable:vectordrawable:1.1.0] AndroidManifest.xml:20:5-22:41
MERGED from [androidx.recyclerview:recyclerview:1.1.0] AndroidManifest.xml:20:5-22:41
MERGED from [androidx.recyclerview:recyclerview:1.1.0] AndroidManifest.xml:20:5-22:41
MERGED from [androidx.camera:camera-lifecycle:1.0.0-beta03] AndroidManifest.xml:20:5-22:41
MERGED from [androidx.camera:camera-lifecycle:1.0.0-beta03] AndroidManifest.xml:20:5-22:41
MERGED from [com.github.bumptech.glide:glide:4.8.0] AndroidManifest.xml:6:5-8:41
MERGED from [com.github.bumptech.glide:glide:4.8.0] AndroidManifest.xml:6:5-8:41
MERGED from [androidx.fragment:fragment:1.1.0] AndroidManifest.xml:20:5-22:41
MERGED from [androidx.fragment:fragment:1.1.0] AndroidManifest.xml:20:5-22:41
MERGED from [androidx.drawerlayout:drawerlayout:1.0.0] AndroidManifest.xml:20:5-44
MERGED from [androidx.drawerlayout:drawerlayout:1.0.0] AndroidManifest.xml:20:5-44
MERGED from [androidx.viewpager:viewpager:1.0.0] AndroidManifest.xml:20:5-44
MERGED from [androidx.viewpager:viewpager:1.0.0] AndroidManifest.xml:20:5-44
MERGED from [androidx.slidingpanelayout:slidingpanelayout:1.0.0] AndroidManifest.xml:20:5-44
MERGED from [androidx.slidingpanelayout:slidingpanelayout:1.0.0] AndroidManifest.xml:20:5-44
MERGED from [androidx.customview:customview:1.0.0] AndroidManifest.xml:20:5-44
MERGED from [androidx.customview:customview:1.0.0] AndroidManifest.xml:20:5-44
MERGED from [androidx.transition:transition:1.3.1] AndroidManifest.xml:20:5-22:41
MERGED from [androidx.transition:transition:1.3.1] AndroidManifest.xml:20:5-22:41
MERGED from [androidx.camera:camera-core:1.0.0-beta03] AndroidManifest.xml:20:5-22:41
MERGED from [androidx.camera:camera-core:1.0.0-beta03] AndroidManifest.xml:20:5-22:41
MERGED from [androidx.legacy:legacy-support-core-utils:1.0.0] AndroidManifest.xml:20:5-44
MERGED from [androidx.legacy:legacy-support-core-utils:1.0.0] AndroidManifest.xml:20:5-44
MERGED from [androidx.loader:loader:1.0.0] AndroidManifest.xml:20:5-44
MERGED from [androidx.loader:loader:1.0.0] AndroidManifest.xml:20:5-44
MERGED from [androidx.activity:activity:1.0.0] AndroidManifest.xml:20:5-22:41
MERGED from [androidx.activity:activity:1.0.0] AndroidManifest.xml:20:5-22:41
MERGED from [androidx.media:media:1.0.0] AndroidManifest.xml:20:5-44
MERGED from [androidx.media:media:1.0.0] AndroidManifest.xml:20:5-44
MERGED from [androidx.swiperefreshlayout:swiperefreshlayout:1.0.0] AndroidManifest.xml:20:5-44
MERGED from [androidx.swiperefreshlayout:swiperefreshlayout:1.0.0] AndroidManifest.xml:20:5-44
MERGED from [androidx.asynclayoutinflater:asynclayoutinflater:1.0.0] AndroidManifest.xml:20:5-44
MERGED from [androidx.asynclayoutinflater:asynclayoutinflater:1.0.0] AndroidManifest.xml:20:5-44
MERGED from [androidx.core:core:1.3.0] AndroidManifest.xml:20:5-22:41
MERGED from [androidx.core:core:1.3.0] AndroidManifest.xml:20:5-22:41
MERGED from [androidx.cardview:cardview:1.0.0] AndroidManifest.xml:20:5-44
MERGED from [androidx.cardview:cardview:1.0.0] AndroidManifest.xml:20:5-44
MERGED from [com.contrarywind:Android-PickerView:4.1.8] AndroidManifest.xml:7:5-9:41
MERGED from [com.contrarywind:Android-PickerView:4.1.8] AndroidManifest.xml:7:5-9:41
MERGED from [androidx.localbroadcastmanager:localbroadcastmanager:1.0.0] AndroidManifest.xml:20:5-44
MERGED from [androidx.localbroadcastmanager:localbroadcastmanager:1.0.0] AndroidManifest.xml:20:5-44
MERGED from [androidx.versionedparcelable:versionedparcelable:1.1.0] AndroidManifest.xml:20:5-22:41
MERGED from [androidx.versionedparcelable:versionedparcelable:1.1.0] AndroidManifest.xml:20:5-22:41
MERGED from [androidx.cursoradapter:cursoradapter:1.0.0] AndroidManifest.xml:20:5-44
MERGED from [androidx.cursoradapter:cursoradapter:1.0.0] AndroidManifest.xml:20:5-44
MERGED from [com.github.bumptech.glide:gifdecoder:4.8.0] AndroidManifest.xml:5:5-7:41
MERGED from [com.github.bumptech.glide:gifdecoder:4.8.0] AndroidManifest.xml:5:5-7:41
MERGED from [com.contrarywind:wheelview:4.0.9] AndroidManifest.xml:7:5-9:41
MERGED from [com.contrarywind:wheelview:4.0.9] AndroidManifest.xml:7:5-9:41
MERGED from [androidx.exifinterface:exifinterface:1.3.0-alpha01] AndroidManifest.xml:20:5-22:41
MERGED from [androidx.exifinterface:exifinterface:1.3.0-alpha01] AndroidManifest.xml:20:5-22:41
MERGED from [androidx.lifecycle:lifecycle-runtime:2.2.0] AndroidManifest.xml:20:5-22:41
MERGED from [androidx.lifecycle:lifecycle-runtime:2.2.0] AndroidManifest.xml:20:5-22:41
MERGED from [androidx.lifecycle:lifecycle-viewmodel:2.1.0] AndroidManifest.xml:20:5-44
MERGED from [androidx.lifecycle:lifecycle-viewmodel:2.1.0] AndroidManifest.xml:20:5-44
MERGED from [androidx.savedstate:savedstate:1.0.0] AndroidManifest.xml:20:5-22:41
MERGED from [androidx.savedstate:savedstate:1.0.0] AndroidManifest.xml:20:5-22:41
MERGED from [androidx.documentfile:documentfile:1.0.0] AndroidManifest.xml:20:5-44
MERGED from [androidx.documentfile:documentfile:1.0.0] AndroidManifest.xml:20:5-44
MERGED from [androidx.print:print:1.0.0] AndroidManifest.xml:20:5-44
MERGED from [androidx.print:print:1.0.0] AndroidManifest.xml:20:5-44
MERGED from [androidx.interpolator:interpolator:1.0.0] AndroidManifest.xml:20:5-44
MERGED from [androidx.interpolator:interpolator:1.0.0] AndroidManifest.xml:20:5-44
MERGED from [androidx.lifecycle:lifecycle-livedata:2.1.0] AndroidManifest.xml:20:5-44
MERGED from [androidx.lifecycle:lifecycle-livedata:2.1.0] AndroidManifest.xml:20:5-44
MERGED from [androidx.lifecycle:lifecycle-livedata-core:2.1.0] AndroidManifest.xml:20:5-44
MERGED from [androidx.lifecycle:lifecycle-livedata-core:2.1.0] AndroidManifest.xml:20:5-44
MERGED from [androidx.arch.core:core-runtime:2.1.0] AndroidManifest.xml:20:5-22:41
MERGED from [androidx.arch.core:core-runtime:2.1.0] AndroidManifest.xml:20:5-22:41
MERGED from [androidx.annotation:annotation-experimental:1.0.0] AndroidManifest.xml:20:5-22:41
MERGED from [androidx.annotation:annotation-experimental:1.0.0] AndroidManifest.xml:20:5-22:41
MERGED from [androidx.multidex:multidex:2.0.1] AndroidManifest.xml:20:5-43
MERGED from [androidx.multidex:multidex:2.0.1] AndroidManifest.xml:20:5-43
MERGED from [de.hdodenhof:circleimageview:2.2.0] AndroidManifest.xml:5:5-7:41
MERGED from [de.hdodenhof:circleimageview:2.2.0] AndroidManifest.xml:5:5-7:41
MERGED from [com.scwang.smartrefresh:SmartRefreshLayout:1.1.0] AndroidManifest.xml:7:5-9:41
MERGED from [com.scwang.smartrefresh:SmartRefreshLayout:1.1.0] AndroidManifest.xml:7:5-9:41
MERGED from [com.scwang.smartrefresh:SmartRefreshHeader:1.1.0] AndroidManifest.xml:7:5-9:41
MERGED from [com.scwang.smartrefresh:SmartRefreshHeader:1.1.0] AndroidManifest.xml:7:5-9:41
MERGED from [com.github.CymChad.BaseRecyclerViewAdapterHelper:library:2.9.48-androidx] AndroidManifest.xml:7:5-9:41
MERGED from [com.github.CymChad.BaseRecyclerViewAdapterHelper:library:2.9.48-androidx] AndroidManifest.xml:7:5-9:41
INJECTED from src/main/AndroidManifest.xml:37:5-73
INJECTED from src/main/AndroidManifest.xml:37:5-73
	tools:overrideLibrary
		ADDED from src/main/AndroidManifest.xml:37:15-70
	android:targetSdkVersion
		INJECTED from src/main/AndroidManifest.xml
		ADDED from src/main/AndroidManifest.xml:37:5-73
		INJECTED from src/main/AndroidManifest.xml
	android:minSdkVersion
		INJECTED from src/main/AndroidManifest.xml
		ADDED from src/main/AndroidManifest.xml:37:5-73
		INJECTED from src/main/AndroidManifest.xml
application
ADDED from src/main/AndroidManifest.xml:39:5-296:19
MERGED from [agentweb-core-release.aar] AndroidManifest.xml:11:5-30:19
MERGED from [agentweb-core-release.aar] AndroidManifest.xml:11:5-30:19
MERGED from [com.blankj:utilcodex:1.29.0] AndroidManifest.xml:9:5-39:19
MERGED from [com.blankj:utilcodex:1.29.0] AndroidManifest.xml:9:5-39:19
MERGED from [com.google.android.material:material:1.2.0] AndroidManifest.xml:22:5-20
MERGED from [com.google.android.material:material:1.2.0] AndroidManifest.xml:22:5-20
MERGED from [com.github.LuckSiege.PictureSelector:picture_library:v2.5.8] AndroidManifest.xml:13:5-59:19
MERGED from [com.github.LuckSiege.PictureSelector:picture_library:v2.5.8] AndroidManifest.xml:13:5-59:19
MERGED from [:library] AndroidManifest.xml:19:5-65:19
MERGED from [:library] AndroidManifest.xml:19:5-65:19
MERGED from [com.yanzhenjie:permission:2.0.3] AndroidManifest.xml:31:5-59:19
MERGED from [com.yanzhenjie:permission:2.0.3] AndroidManifest.xml:31:5-59:19
MERGED from [androidx.constraintlayout:constraintlayout:1.1.3] AndroidManifest.xml:9:5-20
MERGED from [androidx.constraintlayout:constraintlayout:1.1.3] AndroidManifest.xml:9:5-20
MERGED from [com.github.razerdp:BasePopup:2.2.3] AndroidManifest.xml:11:5-17:19
MERGED from [com.github.razerdp:BasePopup:2.2.3] AndroidManifest.xml:11:5-17:19
MERGED from [cn.jiguang.sdk:jpush:3.7.0] AndroidManifest.xml:41:5-180:19
MERGED from [cn.jiguang.sdk:jpush:3.7.0] AndroidManifest.xml:41:5-180:19
MERGED from [cn.jiguang.sdk:jcore:2.4.2] AndroidManifest.xml:11:5-12:19
MERGED from [cn.jiguang.sdk:jcore:2.4.2] AndroidManifest.xml:11:5-12:19
MERGED from [com.github.lzyzsd:jsbridge:1.0.4] AndroidManifest.xml:11:5-14:19
MERGED from [com.github.lzyzsd:jsbridge:1.0.4] AndroidManifest.xml:11:5-14:19
MERGED from [com.journeyapps:zxing-android-embedded:4.1.0] AndroidManifest.xml:46:5-54:19
MERGED from [com.journeyapps:zxing-android-embedded:4.1.0] AndroidManifest.xml:46:5-54:19
MERGED from [com.github.bumptech.glide:glide:4.8.0] AndroidManifest.xml:10:5-20
MERGED from [com.github.bumptech.glide:glide:4.8.0] AndroidManifest.xml:10:5-20
MERGED from [androidx.core:core:1.3.0] AndroidManifest.xml:24:5-89
MERGED from [androidx.core:core:1.3.0] AndroidManifest.xml:24:5-89
MERGED from [androidx.versionedparcelable:versionedparcelable:1.1.0] AndroidManifest.xml:24:5-25:19
MERGED from [androidx.versionedparcelable:versionedparcelable:1.1.0] AndroidManifest.xml:24:5-25:19
MERGED from [com.github.bumptech.glide:gifdecoder:4.8.0] AndroidManifest.xml:9:5-20
MERGED from [com.github.bumptech.glide:gifdecoder:4.8.0] AndroidManifest.xml:9:5-20
MERGED from [de.hdodenhof:circleimageview:2.2.0] AndroidManifest.xml:9:5-20
MERGED from [de.hdodenhof:circleimageview:2.2.0] AndroidManifest.xml:9:5-20
MERGED from [com.scwang.smartrefresh:SmartRefreshLayout:1.1.0] AndroidManifest.xml:11:5-15:19
MERGED from [com.scwang.smartrefresh:SmartRefreshLayout:1.1.0] AndroidManifest.xml:11:5-15:19
MERGED from [com.scwang.smartrefresh:SmartRefreshHeader:1.1.0] AndroidManifest.xml:11:5-15:19
MERGED from [com.scwang.smartrefresh:SmartRefreshHeader:1.1.0] AndroidManifest.xml:11:5-15:19
	android:requestLegacyExternalStorage
		ADDED from [:library] AndroidManifest.xml:21:9-52
	android:appComponentFactory
		ADDED from [androidx.core:core:1.3.0] AndroidManifest.xml:24:18-86
	android:supportsRtl
		ADDED from src/main/AndroidManifest.xml:46:9-35
	android:label
		ADDED from src/main/AndroidManifest.xml:44:9-41
	android:hardwareAccelerated
		ADDED from src/main/AndroidManifest.xml:40:9-43
	android:icon
		ADDED from src/main/AndroidManifest.xml:43:9-43
	android:allowBackup
		ADDED from src/main/AndroidManifest.xml:42:9-35
	android:theme
		ADDED from src/main/AndroidManifest.xml:47:9-40
	android:networkSecurityConfig
		ADDED from src/main/AndroidManifest.xml:45:9-69
	android:usesCleartextTraffic
		ADDED from [:library] AndroidManifest.xml:23:9-44
	android:name
		ADDED from src/main/AndroidManifest.xml:41:9-30
activity#com.lingmiao.shop.business.main.UserServiceH5Activity
ADDED from src/main/AndroidManifest.xml:50:9-52:52
	android:screenOrientation
		ADDED from src/main/AndroidManifest.xml:52:13-49
	android:name
		ADDED from src/main/AndroidManifest.xml:51:13-64
activity#com.lingmiao.shop.business.login.LoginSmsCodeActivity
ADDED from src/main/AndroidManifest.xml:53:9-55:52
	android:screenOrientation
		ADDED from src/main/AndroidManifest.xml:55:13-49
	android:name
		ADDED from src/main/AndroidManifest.xml:54:13-64
activity#com.lingmiao.shop.business.main.MainActivity
ADDED from src/main/AndroidManifest.xml:56:9-58:52
	android:screenOrientation
		ADDED from src/main/AndroidManifest.xml:58:13-49
	android:name
		ADDED from src/main/AndroidManifest.xml:57:13-55
activity#com.lingmiao.shop.business.login.SplashActivity
ADDED from src/main/AndroidManifest.xml:59:9-67:20
	android:screenOrientation
		ADDED from src/main/AndroidManifest.xml:61:13-49
	android:name
		ADDED from src/main/AndroidManifest.xml:60:13-58
intent-filter#action:name:android.intent.action.MAIN+category:name:android.intent.category.LAUNCHER
ADDED from src/main/AndroidManifest.xml:62:13-66:29
action#android.intent.action.MAIN
ADDED from src/main/AndroidManifest.xml:63:17-69
	android:name
		ADDED from src/main/AndroidManifest.xml:63:25-66
category#android.intent.category.LAUNCHER
ADDED from src/main/AndroidManifest.xml:65:17-77
	android:name